#! /bin/sh
# Generated automatically by configure.
# Run this file to recreate the current configuration.
# This directory was configured as follows,
# on host `(hostname || uname -n) 2>/dev/null | sed 1q`:
#
# configure  --host=i386-djgpp-msdos
#
# Compiler output produced by configure, useful for debugging
# configure, is in ./config.log if it exists.

ac_cs_usage="Usage: ./config.status [--recheck] [--version] [--help]"
for ac_option
do
  case "$ac_option" in
  -recheck | --recheck | --rechec | --reche | --rech | --rec | --re | --r)
    echo "running ${CONFIG_SHELL-/bin/sh} configure  --host=i386-djgpp-msdos --no-create --no-recursion"
    exec ${CONFIG_SHELL-/bin/sh} configure  --host=i386-djgpp-msdos --no-create --no-recursion ;;
  -version | --version | --versio | --versi | --vers | --ver | --ve | --v)
    echo "./config.status generated by autoconf version 2.3"
    exit 0 ;;
  -help | --help | --hel | --he | --h)
    echo "$ac_cs_usage"; exit 0 ;;
  *) echo "$ac_cs_usage"; exit 1 ;;
  esac
done

ac_given_srcdir=.
ac_given_INSTALL="install"

trap 'rm -fr Makefile doc/Makefile intl/Makefile lib/Makefile po/Makefile src/Makefile scripts/Makefile config.h conftest*; exit 1' 1 2 15

# Protect against being on the right side of a sed subst in config.status. 
cat >temp1.sed <<SEOF
s/%@/@@/
s/@%/@@/
s/%g\$/@g/
/@g\$/s/[\\&%]/\\&/g
s/@@/%@/
s/@@/@%/
s/@g\$/%g/
SEOF
sed -f temp1.sed > conftest.subs <<CEOF
/^[ 	]*VPATH[ 	]*=[^:]*\$/d

s%@CFLAGS@%-g -O%g
s%@CPPFLAGS@%%g
s%@CXXFLAGS@%%g
s%@DEFS@%-DHAVE_CONFIG_H%g
s%@LDFLAGS@%%g
s%@LIBS@%%g
s%@exec_prefix@%${prefix}%g
s%@prefix@%/usr/local%g
s%@program_transform_name@%s,x,x,%g
s%@host@%i386-djgpp-msdos%g
s%@host_alias@%i386-djgpp-msdos%g
s%@host_cpu@%i386%g
s%@host_vendor@%djgpp%g
s%@host_os@%msdos%g
s%@target@%i386-djgpp-msdos%g
s%@target_alias@%i386-djgpp-msdos%g
s%@target_cpu@%i386%g
s%@target_vendor@%djgpp%g
s%@target_os@%msdos%g
s%@build@%i386-djgpp-msdos%g
s%@build_alias@%i386-djgpp-msdos%g
s%@build_cpu@%i386%g
s%@build_vendor@%djgpp%g
s%@build_os@%msdos%g
s%@PACKAGE@%tar%g
s%@VERSION@%1.11.8%g
s%@PROGRAMS@%tar%g
s%@CC@%gcc -posix%g
s%@CPP@%gcc -E%g
s%@INSTALL_PROGRAM@%install%g
s%@INSTALL_DATA@%install%g
s%@SET_MAKE@%MAKE=gmake%g
s%@RANLIB@%ranlib%g
s%@YACC@%bison -y%g
s%@U@%%g
s%@ANSI2KNR@%%g
s%@LIBOBJS@% fileblocks.o rx.o%g
s%@ALLOCA@%%g
s%@MSGFMT@%%g
s%@GMSGFMT@%%g
s%@XGETTEXT@%%g
s%@GENCAT@%%g
s%@INTLOBJS@%%g
s%@CATALOGS@%%g
s%@CATOBJEXT@%%g
s%@DATADIRNAME@%%g
s%@INTLDEPS@%%g
s%@INTLLIBS@%%g
s%@INTLSUB@%%g
s%@POTFILES@% ../src/genfile.c ../src/rmt.c ../src/buffer.c ../src/create.c ../src/diffarch.c ../src/extract.c ../src/gnu.c ../src/list.c ../src/mangle.c ../src/port.c ../src/rmt.c ../src/rtapelib.c ../src/tar.c ../src/update.c%g

CEOF

CONFIG_FILES=${CONFIG_FILES-Makefile doc/Makefile intl/Makefile lib/Makefile po/Makefile src/Makefile scripts/Makefile}
for ac_file in .. $CONFIG_FILES; do if test "x$ac_file" != x..; then
  # Support "outfile[:infile]", defaulting infile="outfile.in".
  case "$ac_file" in
  *:*) ac_file_in=`echo "$ac_file"|sed 's%.*:%%'`
       ac_file=`echo "$ac_file"|sed 's%:.*%%'` ;;
  *) ac_file_in="${ac_file}.in" ;;
  esac

  # Adjust relative srcdir, etc. for subdirectories.

  # Remove last slash and all that follows it.  Not all systems have dirname.
  ac_dir=`echo $ac_file|sed 's%/[^/][^/]*$%%'`
  if test "$ac_dir" != "$ac_file" && test "$ac_dir" != .; then
    # The file is in a subdirectory.
    test ! -d "$ac_dir" && mkdir "$ac_dir"
    ac_dir_suffix="/`echo $ac_dir|sed 's%^\./%%'`"
    # A "../" for each directory in $ac_dir_suffix.
    ac_dots=`echo $ac_dir_suffix|sed 's%/[^/]*%../%g'`
  else
    ac_dir_suffix= ac_dots=
  fi

  case "$ac_given_srcdir" in
  .)  srcdir=.
      if test -z "$ac_dots"; then top_srcdir=.
      else top_srcdir=`echo $ac_dots|sed 's%/$%%'`; fi ;;
  /*) srcdir="$ac_given_srcdir$ac_dir_suffix"; top_srcdir="$ac_given_srcdir" ;;
  *) # Relative path.
    srcdir="$ac_dots$ac_given_srcdir$ac_dir_suffix"
    top_srcdir="$ac_dots$ac_given_srcdir" ;;
  esac

  case "$ac_given_INSTALL" in
  [/$]*) INSTALL="$ac_given_INSTALL" ;;
  *) INSTALL="$ac_dots$ac_given_INSTALL" ;;
  esac
  echo creating "$ac_file"
  rm -f "$ac_file"
  configure_input="Generated automatically from `echo $ac_file_in|sed 's%.*/%%'` by configure."
  case "$ac_file" in
  *Makefile*) ac_comsub="1i\\
# $configure_input" ;;
  *) ac_comsub= ;;
  esac
echo s%@configure_input@%$configure_input%g>temp.sed
echo s%@srcdir@%$srcdir%g>>temp.sed
echo s%@top_srcdir@%$top_srcdir%g>>temp.sed
echo s%@INSTALL@%$INSTALL%g>>temp.sed
cat conftest.subs >>temp.sed
echo "# " $configure_input> $ac_file
sed -f temp.sed $ac_given_srcdir/$ac_file_in >> $ac_file
fi; done
rm -f conftest.subs

# These sed commands are passed to sed as "A NAME B NAME C VALUE D", where
# NAME is the cpp macro being defined and VALUE is the value it is being given.
#
# ac_d sets the value in "#define NAME VALUE" lines.
ac_dA='s%^\\\([ 	]*\\\)#\\\([ 	]*define[ 	][ 	]*\\\)'
ac_dB='\\\([ 	][ 	]*\\\)[^ 	]*%\\\1#\\\2'
ac_dC='\\\3'
ac_dD='%g'
# ac_u turns "#undef NAME" with trailing blanks into "#define NAME VALUE".
ac_uA='s%^\\\([ 	]*\\\)#\\\([ 	]*\\\)undef\\\([ 	][ 	]*\\\)'
ac_uB='\\\([ 	]\\\)%\\\1#\\\2define\\\3'
ac_uC=' '
ac_uD='\\\4%g'
# ac_e turns "#undef NAME" without trailing blanks into "#define NAME VALUE".
ac_eA='s%^\\\([ 	]*\\\)#\\\([ 	]*\\\)undef\\\([ 	][ 	]*\\\)'
ac_eB='$%\\\1#\\\2define\\\3'
ac_eC=' '
ac_eD='%g'

CONFIG_HEADERS=${CONFIG_HEADERS-config_h}
for ac_file in .. $CONFIG_HEADERS; do if test "x$ac_file" != x..; then
  # Support "outfile[:infile]", defaulting infile="outfile.in".
  case "$ac_file" in
  *:*) ac_file_in=`echo "$ac_file"|sed 's%.*:%%'`
       ac_file=`echo "$ac_file"|sed 's%:.*%%'` ;;
  *) ac_file_in="${ac_file}.in" ;;
  esac

  echo creating $ac_file

  rm -f conftest.frag conftest.in conftest.out
  cp $ac_given_srcdir/$ac_file_in conftest.in

  cat > conftest.frag <<CEOF
${ac_dA}PACKAGE${ac_dB}PACKAGE${ac_dC}"tar"${ac_dD}
${ac_uA}PACKAGE${ac_uB}PACKAGE${ac_uC}"tar"${ac_uD}
${ac_eA}PACKAGE${ac_eB}PACKAGE${ac_eC}"tar"${ac_eD}
${ac_dA}VERSION${ac_dB}VERSION${ac_dC}"1.11.8"${ac_dD}
${ac_uA}VERSION${ac_uB}VERSION${ac_uC}"1.11.8"${ac_uD}
${ac_eA}VERSION${ac_eB}VERSION${ac_eC}"1.11.8"${ac_eD}
${ac_dA}_POSIX_SOURCE${ac_dB}_POSIX_SOURCE${ac_dC}1${ac_dD}
${ac_uA}_POSIX_SOURCE${ac_uB}_POSIX_SOURCE${ac_uC}1${ac_uD}
${ac_eA}_POSIX_SOURCE${ac_eB}_POSIX_SOURCE${ac_eC}1${ac_eD}
${ac_dA}PROTOTYPES${ac_dB}PROTOTYPES${ac_dC}1${ac_dD}
${ac_uA}PROTOTYPES${ac_uB}PROTOTYPES${ac_uC}1${ac_uD}
${ac_eA}PROTOTYPES${ac_eB}PROTOTYPES${ac_eC}1${ac_eD}
CEOF
  sed -f conftest.frag conftest.in > conftest.out
  rm -f conftest.in
  mv conftest.out conftest.in

  cat > conftest.frag <<CEOF
${ac_dA}HAVE_FCNTL_H${ac_dB}HAVE_FCNTL_H${ac_dC}1${ac_dD}
${ac_uA}HAVE_FCNTL_H${ac_uB}HAVE_FCNTL_H${ac_uC}1${ac_uD}
${ac_eA}HAVE_FCNTL_H${ac_eB}HAVE_FCNTL_H${ac_eC}1${ac_eD}
${ac_dA}HAVE_LIMITS_H${ac_dB}HAVE_LIMITS_H${ac_dC}1${ac_dD}
${ac_uA}HAVE_LIMITS_H${ac_uB}HAVE_LIMITS_H${ac_uC}1${ac_uD}
${ac_eA}HAVE_LIMITS_H${ac_eB}HAVE_LIMITS_H${ac_eC}1${ac_eD}
${ac_dA}HAVE_MEMORY_H${ac_dB}HAVE_MEMORY_H${ac_dC}1${ac_dD}
${ac_uA}HAVE_MEMORY_H${ac_uB}HAVE_MEMORY_H${ac_uC}1${ac_uD}
${ac_eA}HAVE_MEMORY_H${ac_eB}HAVE_MEMORY_H${ac_eC}1${ac_eD}
${ac_dA}HAVE_STRING_H${ac_dB}HAVE_STRING_H${ac_dC}1${ac_dD}
${ac_uA}HAVE_STRING_H${ac_uB}HAVE_STRING_H${ac_uC}1${ac_uD}
${ac_eA}HAVE_STRING_H${ac_eB}HAVE_STRING_H${ac_eC}1${ac_eD}
CEOF
  sed -f conftest.frag conftest.in > conftest.out
  rm -f conftest.in
  mv conftest.out conftest.in

  cat > conftest.frag <<CEOF
${ac_dA}HAVE_SYS_PARAM_H${ac_dB}HAVE_SYS_PARAM_H${ac_dC}1${ac_dD}
${ac_uA}HAVE_SYS_PARAM_H${ac_uB}HAVE_SYS_PARAM_H${ac_uC}1${ac_uD}
${ac_eA}HAVE_SYS_PARAM_H${ac_eB}HAVE_SYS_PARAM_H${ac_eC}1${ac_eD}
${ac_dA}HAVE_SYS_TIME_H${ac_dB}HAVE_SYS_TIME_H${ac_dC}1${ac_dD}
${ac_uA}HAVE_SYS_TIME_H${ac_uB}HAVE_SYS_TIME_H${ac_uC}1${ac_uD}
${ac_eA}HAVE_SYS_TIME_H${ac_eB}HAVE_SYS_TIME_H${ac_eC}1${ac_eD}
${ac_dA}HAVE_SYS_TIMEB_H${ac_dB}HAVE_SYS_TIMEB_H${ac_dC}1${ac_dD}
${ac_uA}HAVE_SYS_TIMEB_H${ac_uB}HAVE_SYS_TIMEB_H${ac_uC}1${ac_uD}
${ac_eA}HAVE_SYS_TIMEB_H${ac_eB}HAVE_SYS_TIMEB_H${ac_eC}1${ac_eD}
${ac_dA}HAVE_SYS_WAIT_H${ac_dB}HAVE_SYS_WAIT_H${ac_dC}1${ac_dD}
${ac_uA}HAVE_SYS_WAIT_H${ac_uB}HAVE_SYS_WAIT_H${ac_uC}1${ac_uD}
${ac_eA}HAVE_SYS_WAIT_H${ac_eB}HAVE_SYS_WAIT_H${ac_eC}1${ac_eD}
CEOF
  sed -f conftest.frag conftest.in > conftest.out
  rm -f conftest.in
  mv conftest.out conftest.in

  cat > conftest.frag <<CEOF
${ac_dA}HAVE_UNISTD_H${ac_dB}HAVE_UNISTD_H${ac_dC}1${ac_dD}
${ac_uA}HAVE_UNISTD_H${ac_uB}HAVE_UNISTD_H${ac_uC}1${ac_uD}
${ac_eA}HAVE_UNISTD_H${ac_eB}HAVE_UNISTD_H${ac_eC}1${ac_eD}
${ac_dA}HAVE_UTIME_H${ac_dB}HAVE_UTIME_H${ac_dC}1${ac_dD}
${ac_uA}HAVE_UTIME_H${ac_uB}HAVE_UTIME_H${ac_uC}1${ac_uD}
${ac_eA}HAVE_UTIME_H${ac_eB}HAVE_UTIME_H${ac_eC}1${ac_eD}
${ac_dA}HAVE_GETGRGID${ac_dB}HAVE_GETGRGID${ac_dC}1${ac_dD}
${ac_uA}HAVE_GETGRGID${ac_uB}HAVE_GETGRGID${ac_uC}1${ac_uD}
${ac_eA}HAVE_GETGRGID${ac_eB}HAVE_GETGRGID${ac_eC}1${ac_eD}
${ac_dA}HAVE_GETPWUID${ac_dB}HAVE_GETPWUID${ac_dC}1${ac_dD}
${ac_uA}HAVE_GETPWUID${ac_uB}HAVE_GETPWUID${ac_uC}1${ac_uD}
${ac_eA}HAVE_GETPWUID${ac_eB}HAVE_GETPWUID${ac_eC}1${ac_eD}
CEOF
  sed -f conftest.frag conftest.in > conftest.out
  rm -f conftest.in
  mv conftest.out conftest.in

  cat > conftest.frag <<CEOF
${ac_dA}MTIO_CHECK_FIELD${ac_dB}MTIO_CHECK_FIELD${ac_dC}mt_type${ac_dD}
${ac_uA}MTIO_CHECK_FIELD${ac_uB}MTIO_CHECK_FIELD${ac_uC}mt_type${ac_uD}
${ac_eA}MTIO_CHECK_FIELD${ac_eB}MTIO_CHECK_FIELD${ac_eC}mt_type${ac_eD}
${ac_dA}HAVE_DIRENT_H${ac_dB}HAVE_DIRENT_H${ac_dC}1${ac_dD}
${ac_uA}HAVE_DIRENT_H${ac_uB}HAVE_DIRENT_H${ac_uC}1${ac_uD}
${ac_eA}HAVE_DIRENT_H${ac_eB}HAVE_DIRENT_H${ac_eC}1${ac_eD}
${ac_dA}STDC_HEADERS${ac_dB}STDC_HEADERS${ac_dC}1${ac_dD}
${ac_uA}STDC_HEADERS${ac_uB}STDC_HEADERS${ac_uC}1${ac_uD}
${ac_eA}STDC_HEADERS${ac_eB}STDC_HEADERS${ac_eC}1${ac_eD}
${ac_dA}TIME_WITH_SYS_TIME${ac_dB}TIME_WITH_SYS_TIME${ac_dC}1${ac_dD}
${ac_uA}TIME_WITH_SYS_TIME${ac_uB}TIME_WITH_SYS_TIME${ac_uC}1${ac_uD}
${ac_eA}TIME_WITH_SYS_TIME${ac_eB}TIME_WITH_SYS_TIME${ac_eC}1${ac_eD}
CEOF
  sed -f conftest.frag conftest.in > conftest.out
  rm -f conftest.in
  mv conftest.out conftest.in

  cat > conftest.frag <<CEOF
${ac_dA}HAVE_ST_BLKSIZE${ac_dB}HAVE_ST_BLKSIZE${ac_dC}1${ac_dD}
${ac_uA}HAVE_ST_BLKSIZE${ac_uB}HAVE_ST_BLKSIZE${ac_uC}1${ac_uD}
${ac_eA}HAVE_ST_BLKSIZE${ac_eB}HAVE_ST_BLKSIZE${ac_eC}1${ac_eD}
${ac_dA}RETSIGTYPE${ac_dB}RETSIGTYPE${ac_dC}void${ac_dD}
${ac_uA}RETSIGTYPE${ac_uB}RETSIGTYPE${ac_uC}void${ac_uD}
${ac_eA}RETSIGTYPE${ac_eB}RETSIGTYPE${ac_eC}void${ac_eD}
${ac_dA}uid_t${ac_dB}uid_t${ac_dC}int${ac_dD}
${ac_uA}uid_t${ac_uB}uid_t${ac_uC}int${ac_uD}
${ac_eA}uid_t${ac_eB}uid_t${ac_eC}int${ac_eD}
${ac_dA}gid_t${ac_dB}gid_t${ac_dC}int${ac_dD}
${ac_uA}gid_t${ac_uB}gid_t${ac_uC}int${ac_uD}
${ac_eA}gid_t${ac_eB}gid_t${ac_eC}int${ac_eD}
CEOF
  sed -f conftest.frag conftest.in > conftest.out
  rm -f conftest.in
  mv conftest.out conftest.in

  cat > conftest.frag <<CEOF
${ac_dA}HAVE_FTIME${ac_dB}HAVE_FTIME${ac_dC}1${ac_dD}
${ac_uA}HAVE_FTIME${ac_uB}HAVE_FTIME${ac_uC}1${ac_uD}
${ac_eA}HAVE_FTIME${ac_eB}HAVE_FTIME${ac_eC}1${ac_eD}
${ac_dA}HAVE_GETCWD${ac_dB}HAVE_GETCWD${ac_dC}1${ac_dD}
${ac_uA}HAVE_GETCWD${ac_uB}HAVE_GETCWD${ac_uC}1${ac_uD}
${ac_eA}HAVE_GETCWD${ac_eB}HAVE_GETCWD${ac_eC}1${ac_eD}
${ac_dA}HAVE_MKFIFO${ac_dB}HAVE_MKFIFO${ac_dC}1${ac_dD}
${ac_uA}HAVE_MKFIFO${ac_uB}HAVE_MKFIFO${ac_uC}1${ac_uD}
${ac_eA}HAVE_MKFIFO${ac_eB}HAVE_MKFIFO${ac_eC}1${ac_eD}
${ac_dA}HAVE_STRSTR${ac_dB}HAVE_STRSTR${ac_dC}1${ac_dD}
${ac_uA}HAVE_STRSTR${ac_uB}HAVE_STRSTR${ac_uC}1${ac_uD}
${ac_eA}HAVE_STRSTR${ac_eB}HAVE_STRSTR${ac_eC}1${ac_eD}
CEOF
  sed -f conftest.frag conftest.in > conftest.out
  rm -f conftest.in
  mv conftest.out conftest.in

  cat > conftest.frag <<CEOF
${ac_dA}HAVE_MKNOD${ac_dB}HAVE_MKNOD${ac_dC}1${ac_dD}
${ac_uA}HAVE_MKNOD${ac_uB}HAVE_MKNOD${ac_uC}1${ac_uD}
${ac_eA}HAVE_MKNOD${ac_eB}HAVE_MKNOD${ac_eC}1${ac_eD}
${ac_dA}HAVE_ALLOCA${ac_dB}HAVE_ALLOCA${ac_dC}1${ac_dD}
${ac_uA}HAVE_ALLOCA${ac_uB}HAVE_ALLOCA${ac_uC}1${ac_uD}
${ac_eA}HAVE_ALLOCA${ac_eB}HAVE_ALLOCA${ac_eC}1${ac_eD}
${ac_dA}HAVE_VPRINTF${ac_dB}HAVE_VPRINTF${ac_dC}1${ac_dD}
${ac_uA}HAVE_VPRINTF${ac_uB}HAVE_VPRINTF${ac_uC}1${ac_uD}
${ac_eA}HAVE_VPRINTF${ac_eB}HAVE_VPRINTF${ac_eC}1${ac_eD}
${ac_dA}HAVE_VALLOC${ac_dB}HAVE_VALLOC${ac_dC}1${ac_dD}
${ac_uA}HAVE_VALLOC${ac_uB}HAVE_VALLOC${ac_uC}1${ac_uD}
${ac_eA}HAVE_VALLOC${ac_eB}HAVE_VALLOC${ac_eC}1${ac_eD}
CEOF
  sed -f conftest.frag conftest.in > conftest.out
  rm -f conftest.in
  mv conftest.out conftest.in

  cat > conftest.frag <<CEOF
${ac_dA}DEFAULT_ARCHIVE${ac_dB}DEFAULT_ARCHIVE${ac_dC}"-"${ac_dD}
${ac_uA}DEFAULT_ARCHIVE${ac_uB}DEFAULT_ARCHIVE${ac_uC}"-"${ac_uD}
${ac_eA}DEFAULT_ARCHIVE${ac_eB}DEFAULT_ARCHIVE${ac_eC}"-"${ac_eD}
${ac_dA}DEFAULT_BLOCKING${ac_dB}DEFAULT_BLOCKING${ac_dC}20${ac_dD}
${ac_uA}DEFAULT_BLOCKING${ac_uB}DEFAULT_BLOCKING${ac_uC}20${ac_uD}
${ac_eA}DEFAULT_BLOCKING${ac_eB}DEFAULT_BLOCKING${ac_eC}20${ac_eD}
${ac_dA}HAVE_LOCALE_H${ac_dB}HAVE_LOCALE_H${ac_dC}1${ac_dD}
${ac_uA}HAVE_LOCALE_H${ac_uB}HAVE_LOCALE_H${ac_uC}1${ac_uD}
${ac_eA}HAVE_LOCALE_H${ac_eB}HAVE_LOCALE_H${ac_eC}1${ac_eD}
${ac_dA}HAVE_SETLOCALE${ac_dB}HAVE_SETLOCALE${ac_dC}1${ac_dD}
${ac_uA}HAVE_SETLOCALE${ac_uB}HAVE_SETLOCALE${ac_uC}1${ac_uD}
${ac_eA}HAVE_SETLOCALE${ac_eB}HAVE_SETLOCALE${ac_eC}1${ac_eD}
CEOF
  sed -f conftest.frag conftest.in > conftest.out
  rm -f conftest.in
  mv conftest.out conftest.in

  cat > conftest.frag <<CEOF
${ac_dA}STD_INC_PATH${ac_dB}STD_INC_PATH${ac_dC}"/usr/local/share/nls/src"${ac_dD}
${ac_uA}STD_INC_PATH${ac_uB}STD_INC_PATH${ac_uC}"/usr/local/share/nls/src"${ac_uD}
${ac_eA}STD_INC_PATH${ac_eB}STD_INC_PATH${ac_eC}"/usr/local/share/nls/src"${ac_eD}
${ac_dA}HAVE_VALUES_H${ac_dB}HAVE_VALUES_H${ac_dC}1${ac_dD}
${ac_uA}HAVE_VALUES_H${ac_uB}HAVE_VALUES_H${ac_uC}1${ac_uD}
${ac_eA}HAVE_VALUES_H${ac_eB}HAVE_VALUES_H${ac_eC}1${ac_eD}
${ac_dA}SIZEOF_UNSIGNED_SHORT${ac_dB}SIZEOF_UNSIGNED_SHORT${ac_dC}2${ac_dD}
${ac_uA}SIZEOF_UNSIGNED_SHORT${ac_uB}SIZEOF_UNSIGNED_SHORT${ac_uC}2${ac_uD}
${ac_eA}SIZEOF_UNSIGNED_SHORT${ac_eB}SIZEOF_UNSIGNED_SHORT${ac_eC}2${ac_eD}
${ac_dA}SIZEOF_UNSIGNED_INT${ac_dB}SIZEOF_UNSIGNED_INT${ac_dC}4${ac_dD}
${ac_uA}SIZEOF_UNSIGNED_INT${ac_uB}SIZEOF_UNSIGNED_INT${ac_uC}4${ac_uD}
${ac_eA}SIZEOF_UNSIGNED_INT${ac_eB}SIZEOF_UNSIGNED_INT${ac_eC}4${ac_eD}
CEOF
  sed -f conftest.frag conftest.in > conftest.out
  rm -f conftest.in
  mv conftest.out conftest.in

  cat > conftest.frag <<CEOF
${ac_dA}HAVE_PUTENV${ac_dB}HAVE_PUTENV${ac_dC}1${ac_dD}
${ac_uA}HAVE_PUTENV${ac_uB}HAVE_PUTENV${ac_uC}1${ac_uD}
${ac_eA}HAVE_PUTENV${ac_eB}HAVE_PUTENV${ac_eC}1${ac_eD}
${ac_dA}HAVE_SETENV${ac_dB}HAVE_SETENV${ac_dC}1${ac_dD}
${ac_uA}HAVE_SETENV${ac_uB}HAVE_SETENV${ac_uC}1${ac_uD}
${ac_eA}HAVE_SETENV${ac_eB}HAVE_SETENV${ac_eC}1${ac_eD}
s%^[ 	]*#[ 	]*undef[ 	][ 	]*[a-zA-Z_][a-zA-Z_0-9]*%/* & */%
CEOF
  sed -f conftest.frag conftest.in > conftest.out
  rm -f conftest.in
  mv conftest.out conftest.in

  rm -f conftest.frag conftest.h
  echo "/* $ac_file.  Generated automatically by configure.  */" > conftest.h
  cat conftest.in >> conftest.h
  rm -f conftest.in
  if cmp -s $ac_file conftest.h 2>/dev/null; then
    echo "$ac_file is unchanged"
    rm -f conftest.h
  else
    rm -f $ac_file
    mv conftest.h $ac_file
  fi
fi; done


test -z "$CONFIG_HEADERS" || echo timestamp > stamp-h
cp -p config_h config.h
exit 0
